<?xml version="1.0" encoding="UTF-8"?>
<!-- Generated by org.testng.reporters.JUnitXMLReporter -->
<testsuite hostname="RajaShunmugam" ignored="1" name="priority plumbing" tests="5" failures="5" timestamp="21 Jun 2017 22:21:24 GMT" time="15.678" errors="0">
  <testcase name="signin" time="15.478" classname="automationFramework.TestNG">
    <failure type="org.openqa.selenium.WebDriverException" message="Failed to decode response from marionette
Build info: version: &amp;apos;3.4.0&amp;apos;, revision: &amp;apos;unknown&amp;apos;, time: &amp;apos;unknown&amp;apos;
System info: host: &amp;apos;RAJASHUNMUGAM&amp;apos;, ip: &amp;apos;192.168.1.76&amp;apos;, os.name: &amp;apos;Windows 7&amp;apos;, os.arch: &amp;apos;amd64&amp;apos;, os.version: &amp;apos;6.1&amp;apos;, java.version: &amp;apos;1.8.0_131&amp;apos;
Driver info: org.openqa.selenium.firefox.FirefoxDriver
Capabilities [{rotatable=false, raisesAccessibilityExceptions=false, appBuildId=20160502172042, version=46.0.1, platform=XP, proxy=Proxy(), specificationLevel=1, acceptSslCerts=false, browserVersion=46.0.1, platformVersion=6.1, XULappId={ec8030f7-c20a-464f-9b0e-13a3a9e97384}, browserName=Firefox, takesScreenshot=true, takesElementScreenshot=true, javascriptEnabled=true, platformName=Windows_NT, device=desktop}]
Session ID: 4beb4f2d-7057-4c83-ae16-6c2fd5d20b83">
      <![CDATA[org.openqa.selenium.WebDriverException: Failed to decode response from marionette
Build info: version: '3.4.0', revision: 'unknown', time: 'unknown'
System info: host: 'RAJASHUNMUGAM', ip: '192.168.1.76', os.name: 'Windows 7', os.arch: 'amd64', os.version: '6.1', java.version: '1.8.0_131'
Driver info: org.openqa.selenium.firefox.FirefoxDriver
Capabilities [{rotatable=false, raisesAccessibilityExceptions=false, appBuildId=20160502172042, version=46.0.1, platform=XP, proxy=Proxy(), specificationLevel=1, acceptSslCerts=false, browserVersion=46.0.1, platformVersion=6.1, XULappId={ec8030f7-c20a-464f-9b0e-13a3a9e97384}, browserName=Firefox, takesScreenshot=true, takesElementScreenshot=true, javascriptEnabled=true, platformName=Windows_NT, device=desktop}]
Session ID: 4beb4f2d-7057-4c83-ae16-6c2fd5d20b83
	at org.openqa.selenium.remote.http.W3CHttpResponseCodec.createException(W3CHttpResponseCodec.java:150)
	at org.openqa.selenium.remote.http.W3CHttpResponseCodec.decode(W3CHttpResponseCodec.java:115)
	at org.openqa.selenium.remote.http.W3CHttpResponseCodec.decode(W3CHttpResponseCodec.java:45)
	at org.openqa.selenium.remote.HttpCommandExecutor.execute(HttpCommandExecutor.java:164)
	at org.openqa.selenium.remote.service.DriverCommandExecutor.execute(DriverCommandExecutor.java:82)
	at org.openqa.selenium.remote.RemoteWebDriver.execute(RemoteWebDriver.java:637)
	at org.openqa.selenium.remote.RemoteWebDriver.get(RemoteWebDriver.java:364)
	at automationFramework.TestNG.signin(TestNG.java:58)
... Removed 29 stack frames]]>
    </failure>
  </testcase> <!-- signin -->
  <testcase name="search" time="0.052" classname="automationFramework.TestNG">
    <failure type="org.openqa.selenium.SessionNotCreatedException" message="Tried to run command without establishing a connection
Build info: version: &amp;apos;3.4.0&amp;apos;, revision: &amp;apos;unknown&amp;apos;, time: &amp;apos;unknown&amp;apos;
System info: host: &amp;apos;RAJASHUNMUGAM&amp;apos;, ip: &amp;apos;192.168.1.76&amp;apos;, os.name: &amp;apos;Windows 7&amp;apos;, os.arch: &amp;apos;amd64&amp;apos;, os.version: &amp;apos;6.1&amp;apos;, java.version: &amp;apos;1.8.0_131&amp;apos;
Driver info: org.openqa.selenium.firefox.FirefoxDriver
Capabilities [{rotatable=false, raisesAccessibilityExceptions=false, appBuildId=20160502172042, version=46.0.1, platform=XP, proxy=Proxy(), specificationLevel=1, acceptSslCerts=false, browserVersion=46.0.1, platformVersion=6.1, XULappId={ec8030f7-c20a-464f-9b0e-13a3a9e97384}, browserName=Firefox, takesScreenshot=true, takesElementScreenshot=true, javascriptEnabled=true, platformName=Windows_NT, device=desktop}]
Session ID: 4beb4f2d-7057-4c83-ae16-6c2fd5d20b83
*** Element info: {Using=xpath, value=.//*[@id=&amp;apos;js-site-search-input&amp;apos;]}">
      <![CDATA[org.openqa.selenium.SessionNotCreatedException: Tried to run command without establishing a connection
Build info: version: '3.4.0', revision: 'unknown', time: 'unknown'
System info: host: 'RAJASHUNMUGAM', ip: '192.168.1.76', os.name: 'Windows 7', os.arch: 'amd64', os.version: '6.1', java.version: '1.8.0_131'
Driver info: org.openqa.selenium.firefox.FirefoxDriver
Capabilities [{rotatable=false, raisesAccessibilityExceptions=false, appBuildId=20160502172042, version=46.0.1, platform=XP, proxy=Proxy(), specificationLevel=1, acceptSslCerts=false, browserVersion=46.0.1, platformVersion=6.1, XULappId={ec8030f7-c20a-464f-9b0e-13a3a9e97384}, browserName=Firefox, takesScreenshot=true, takesElementScreenshot=true, javascriptEnabled=true, platformName=Windows_NT, device=desktop}]
Session ID: 4beb4f2d-7057-4c83-ae16-6c2fd5d20b83
*** Element info: {Using=xpath, value=.//*[@id='js-site-search-input']}
	at org.openqa.selenium.remote.http.W3CHttpResponseCodec.createException(W3CHttpResponseCodec.java:150)
	at org.openqa.selenium.remote.http.W3CHttpResponseCodec.decode(W3CHttpResponseCodec.java:115)
	at org.openqa.selenium.remote.http.W3CHttpResponseCodec.decode(W3CHttpResponseCodec.java:45)
	at org.openqa.selenium.remote.HttpCommandExecutor.execute(HttpCommandExecutor.java:164)
	at org.openqa.selenium.remote.service.DriverCommandExecutor.execute(DriverCommandExecutor.java:82)
	at org.openqa.selenium.remote.RemoteWebDriver.execute(RemoteWebDriver.java:637)
	at org.openqa.selenium.remote.RemoteWebDriver.findElement(RemoteWebDriver.java:410)
	at org.openqa.selenium.remote.RemoteWebDriver.findElementByXPath(RemoteWebDriver.java:509)
	at org.openqa.selenium.By$ByXPath.findElement(By.java:361)
	at org.openqa.selenium.remote.RemoteWebDriver.findElement(RemoteWebDriver.java:402)
	at automationFramework.TestNG.search(TestNG.java:77)
... Removed 29 stack frames]]>
    </failure>
  </testcase> <!-- search -->
  <testcase name="PLP" time="0.015" classname="automationFramework.TestNG">
    <failure type="org.openqa.selenium.SessionNotCreatedException" message="Tried to run command without establishing a connection
Build info: version: &amp;apos;3.4.0&amp;apos;, revision: &amp;apos;unknown&amp;apos;, time: &amp;apos;unknown&amp;apos;
System info: host: &amp;apos;RAJASHUNMUGAM&amp;apos;, ip: &amp;apos;192.168.1.76&amp;apos;, os.name: &amp;apos;Windows 7&amp;apos;, os.arch: &amp;apos;amd64&amp;apos;, os.version: &amp;apos;6.1&amp;apos;, java.version: &amp;apos;1.8.0_131&amp;apos;
Driver info: org.openqa.selenium.firefox.FirefoxDriver
Capabilities [{rotatable=false, raisesAccessibilityExceptions=false, appBuildId=20160502172042, version=46.0.1, platform=XP, proxy=Proxy(), specificationLevel=1, acceptSslCerts=false, browserVersion=46.0.1, platformVersion=6.1, XULappId={ec8030f7-c20a-464f-9b0e-13a3a9e97384}, browserName=Firefox, takesScreenshot=true, takesElementScreenshot=true, javascriptEnabled=true, platformName=Windows_NT, device=desktop}]
Session ID: 4beb4f2d-7057-4c83-ae16-6c2fd5d20b83
*** Element info: {Using=xpath, value=html/body/main/div[3]/div[1]/div[2]/div/ul/li[1]/a[3]}">
      <![CDATA[org.openqa.selenium.SessionNotCreatedException: Tried to run command without establishing a connection
Build info: version: '3.4.0', revision: 'unknown', time: 'unknown'
System info: host: 'RAJASHUNMUGAM', ip: '192.168.1.76', os.name: 'Windows 7', os.arch: 'amd64', os.version: '6.1', java.version: '1.8.0_131'
Driver info: org.openqa.selenium.firefox.FirefoxDriver
Capabilities [{rotatable=false, raisesAccessibilityExceptions=false, appBuildId=20160502172042, version=46.0.1, platform=XP, proxy=Proxy(), specificationLevel=1, acceptSslCerts=false, browserVersion=46.0.1, platformVersion=6.1, XULappId={ec8030f7-c20a-464f-9b0e-13a3a9e97384}, browserName=Firefox, takesScreenshot=true, takesElementScreenshot=true, javascriptEnabled=true, platformName=Windows_NT, device=desktop}]
Session ID: 4beb4f2d-7057-4c83-ae16-6c2fd5d20b83
*** Element info: {Using=xpath, value=html/body/main/div[3]/div[1]/div[2]/div/ul/li[1]/a[3]}
	at org.openqa.selenium.remote.http.W3CHttpResponseCodec.createException(W3CHttpResponseCodec.java:150)
	at org.openqa.selenium.remote.http.W3CHttpResponseCodec.decode(W3CHttpResponseCodec.java:115)
	at org.openqa.selenium.remote.http.W3CHttpResponseCodec.decode(W3CHttpResponseCodec.java:45)
	at org.openqa.selenium.remote.HttpCommandExecutor.execute(HttpCommandExecutor.java:164)
	at org.openqa.selenium.remote.service.DriverCommandExecutor.execute(DriverCommandExecutor.java:82)
	at org.openqa.selenium.remote.RemoteWebDriver.execute(RemoteWebDriver.java:637)
	at org.openqa.selenium.remote.RemoteWebDriver.findElement(RemoteWebDriver.java:410)
	at org.openqa.selenium.remote.RemoteWebDriver.findElementByXPath(RemoteWebDriver.java:509)
	at org.openqa.selenium.By$ByXPath.findElement(By.java:361)
	at org.openqa.selenium.remote.RemoteWebDriver.findElement(RemoteWebDriver.java:402)
	at automationFramework.TestNG.PLP(TestNG.java:92)
... Removed 29 stack frames]]>
    </failure>
  </testcase> <!-- PLP -->
  <testcase name="basketpage" time="0.027" classname="automationFramework.TestNG">
    <failure type="org.openqa.selenium.SessionNotCreatedException" message="Tried to run command without establishing a connection
Build info: version: &amp;apos;3.4.0&amp;apos;, revision: &amp;apos;unknown&amp;apos;, time: &amp;apos;unknown&amp;apos;
System info: host: &amp;apos;RAJASHUNMUGAM&amp;apos;, ip: &amp;apos;192.168.1.76&amp;apos;, os.name: &amp;apos;Windows 7&amp;apos;, os.arch: &amp;apos;amd64&amp;apos;, os.version: &amp;apos;6.1&amp;apos;, java.version: &amp;apos;1.8.0_131&amp;apos;
Driver info: org.openqa.selenium.firefox.FirefoxDriver
Capabilities [{rotatable=false, raisesAccessibilityExceptions=false, appBuildId=20160502172042, version=46.0.1, platform=XP, proxy=Proxy(), specificationLevel=1, acceptSslCerts=false, browserVersion=46.0.1, platformVersion=6.1, XULappId={ec8030f7-c20a-464f-9b0e-13a3a9e97384}, browserName=Firefox, takesScreenshot=true, takesElementScreenshot=true, javascriptEnabled=true, platformName=Windows_NT, device=desktop}]
Session ID: 4beb4f2d-7057-4c83-ae16-6c2fd5d20b83
*** Element info: {Using=xpath, value=.//*[@id=&amp;apos;basketPaySlot&amp;apos;]/div/div[2]/div/button}">
      <![CDATA[org.openqa.selenium.SessionNotCreatedException: Tried to run command without establishing a connection
Build info: version: '3.4.0', revision: 'unknown', time: 'unknown'
System info: host: 'RAJASHUNMUGAM', ip: '192.168.1.76', os.name: 'Windows 7', os.arch: 'amd64', os.version: '6.1', java.version: '1.8.0_131'
Driver info: org.openqa.selenium.firefox.FirefoxDriver
Capabilities [{rotatable=false, raisesAccessibilityExceptions=false, appBuildId=20160502172042, version=46.0.1, platform=XP, proxy=Proxy(), specificationLevel=1, acceptSslCerts=false, browserVersion=46.0.1, platformVersion=6.1, XULappId={ec8030f7-c20a-464f-9b0e-13a3a9e97384}, browserName=Firefox, takesScreenshot=true, takesElementScreenshot=true, javascriptEnabled=true, platformName=Windows_NT, device=desktop}]
Session ID: 4beb4f2d-7057-4c83-ae16-6c2fd5d20b83
*** Element info: {Using=xpath, value=.//*[@id='basketPaySlot']/div/div[2]/div/button}
	at org.openqa.selenium.remote.http.W3CHttpResponseCodec.createException(W3CHttpResponseCodec.java:150)
	at org.openqa.selenium.remote.http.W3CHttpResponseCodec.decode(W3CHttpResponseCodec.java:115)
	at org.openqa.selenium.remote.http.W3CHttpResponseCodec.decode(W3CHttpResponseCodec.java:45)
	at org.openqa.selenium.remote.HttpCommandExecutor.execute(HttpCommandExecutor.java:164)
	at org.openqa.selenium.remote.service.DriverCommandExecutor.execute(DriverCommandExecutor.java:82)
	at org.openqa.selenium.remote.RemoteWebDriver.execute(RemoteWebDriver.java:637)
	at org.openqa.selenium.remote.RemoteWebDriver.findElement(RemoteWebDriver.java:410)
	at org.openqa.selenium.remote.RemoteWebDriver.findElementByXPath(RemoteWebDriver.java:509)
	at org.openqa.selenium.By$ByXPath.findElement(By.java:361)
	at org.openqa.selenium.remote.RemoteWebDriver.findElement(RemoteWebDriver.java:402)
	at automationFramework.TestNG.basketpage(TestNG.java:107)
... Removed 29 stack frames]]>
    </failure>
  </testcase> <!-- basketpage -->
  <testcase name="Finalreview" time="0.011" classname="automationFramework.TestNG">
    <failure type="org.openqa.selenium.SessionNotCreatedException" message="Tried to run command without establishing a connection
Build info: version: &amp;apos;3.4.0&amp;apos;, revision: &amp;apos;unknown&amp;apos;, time: &amp;apos;unknown&amp;apos;
System info: host: &amp;apos;RAJASHUNMUGAM&amp;apos;, ip: &amp;apos;192.168.1.76&amp;apos;, os.name: &amp;apos;Windows 7&amp;apos;, os.arch: &amp;apos;amd64&amp;apos;, os.version: &amp;apos;6.1&amp;apos;, java.version: &amp;apos;1.8.0_131&amp;apos;
Driver info: org.openqa.selenium.firefox.FirefoxDriver
Capabilities [{rotatable=false, raisesAccessibilityExceptions=false, appBuildId=20160502172042, version=46.0.1, platform=XP, proxy=Proxy(), specificationLevel=1, acceptSslCerts=false, browserVersion=46.0.1, platformVersion=6.1, XULappId={ec8030f7-c20a-464f-9b0e-13a3a9e97384}, browserName=Firefox, takesScreenshot=true, takesElementScreenshot=true, javascriptEnabled=true, platformName=Windows_NT, device=desktop}]
Session ID: 4beb4f2d-7057-4c83-ae16-6c2fd5d20b83
*** Element info: {Using=xpath, value=html/body/main/div[3]/div[3]/div/div/div/div[1]/div/div[1]/ul/div/li/div/div[3]/div/div/div/a}">
      <![CDATA[org.openqa.selenium.SessionNotCreatedException: Tried to run command without establishing a connection
Build info: version: '3.4.0', revision: 'unknown', time: 'unknown'
System info: host: 'RAJASHUNMUGAM', ip: '192.168.1.76', os.name: 'Windows 7', os.arch: 'amd64', os.version: '6.1', java.version: '1.8.0_131'
Driver info: org.openqa.selenium.firefox.FirefoxDriver
Capabilities [{rotatable=false, raisesAccessibilityExceptions=false, appBuildId=20160502172042, version=46.0.1, platform=XP, proxy=Proxy(), specificationLevel=1, acceptSslCerts=false, browserVersion=46.0.1, platformVersion=6.1, XULappId={ec8030f7-c20a-464f-9b0e-13a3a9e97384}, browserName=Firefox, takesScreenshot=true, takesElementScreenshot=true, javascriptEnabled=true, platformName=Windows_NT, device=desktop}]
Session ID: 4beb4f2d-7057-4c83-ae16-6c2fd5d20b83
*** Element info: {Using=xpath, value=html/body/main/div[3]/div[3]/div/div/div/div[1]/div/div[1]/ul/div/li/div/div[3]/div/div/div/a}
	at org.openqa.selenium.remote.http.W3CHttpResponseCodec.createException(W3CHttpResponseCodec.java:150)
	at org.openqa.selenium.remote.http.W3CHttpResponseCodec.decode(W3CHttpResponseCodec.java:115)
	at org.openqa.selenium.remote.http.W3CHttpResponseCodec.decode(W3CHttpResponseCodec.java:45)
	at org.openqa.selenium.remote.HttpCommandExecutor.execute(HttpCommandExecutor.java:164)
	at org.openqa.selenium.remote.service.DriverCommandExecutor.execute(DriverCommandExecutor.java:82)
	at org.openqa.selenium.remote.RemoteWebDriver.execute(RemoteWebDriver.java:637)
	at org.openqa.selenium.remote.RemoteWebDriver.findElement(RemoteWebDriver.java:410)
	at org.openqa.selenium.remote.RemoteWebDriver.findElementByXPath(RemoteWebDriver.java:509)
	at org.openqa.selenium.By$ByXPath.findElement(By.java:361)
	at org.openqa.selenium.remote.RemoteWebDriver.findElement(RemoteWebDriver.java:402)
	at automationFramework.TestNG.Finalreview(TestNG.java:119)
... Removed 29 stack frames]]>
    </failure>
  </testcase> <!-- Finalreview -->
  <testcase name="Test" time="0.0" classname="automationFramework.TestNG">
    <ignored/>
  </testcase> <!-- Test -->
</testsuite> <!-- priority plumbing -->
